Determining if the pthread_create exist failed with the following output:
Change Dir: /home/testpvcam/testpvcam/opencv-3.3.0/samples/cpp/aravis_sample/CMakeFiles/CMakeTmp

Run Build Command:"/usr/bin/make" "cmTC_56fdf/fast"
/usr/bin/make -f CMakeFiles/cmTC_56fdf.dir/build.make CMakeFiles/cmTC_56fdf.dir/build
make[1]: Entering directory '/home/testpvcam/testpvcam/opencv-3.3.0/samples/cpp/aravis_sample/CMakeFiles/CMakeTmp'
Building C object CMakeFiles/cmTC_56fdf.dir/CheckSymbolExists.c.o
/usr/bin/cc    -fPIC    -o CMakeFiles/cmTC_56fdf.dir/CheckSymbolExists.c.o   -c /home/testpvcam/testpvcam/opencv-3.3.0/samples/cpp/aravis_sample/CMakeFiles/CMakeTmp/CheckSymbolExists.c
Linking C executable cmTC_56fdf
/usr/bin/cmake -E cmake_link_script CMakeFiles/cmTC_56fdf.dir/link.txt --verbose=1
/usr/bin/cc  -fPIC     CMakeFiles/cmTC_56fdf.dir/CheckSymbolExists.c.o  -o cmTC_56fdf -rdynamic 
CMakeFiles/cmTC_56fdf.dir/CheckSymbolExists.c.o: In function `main':
CheckSymbolExists.c:(.text+0x1b): undefined reference to `pthread_create'
collect2: error: ld returned 1 exit status
CMakeFiles/cmTC_56fdf.dir/build.make:97: recipe for target 'cmTC_56fdf' failed
make[1]: *** [cmTC_56fdf] Error 1
make[1]: Leaving directory '/home/testpvcam/testpvcam/opencv-3.3.0/samples/cpp/aravis_sample/CMakeFiles/CMakeTmp'
Makefile:126: recipe for target 'cmTC_56fdf/fast' failed
make: *** [cmTC_56fdf/fast] Error 2

File /home/testpvcam/testpvcam/opencv-3.3.0/samples/cpp/aravis_sample/CMakeFiles/CMakeTmp/CheckSymbolExists.c:
/* */
#include <pthread.h>

int main(int argc, char** argv)
{
  (void)argv;
#ifndef pthread_create
  return ((int*)(&pthread_create))[argc];
#else
  (void)argc;
  return 0;
#endif
}

Determining if the function pthread_create exists in the pthreads failed with the following output:
Change Dir: /home/testpvcam/testpvcam/opencv-3.3.0/samples/cpp/aravis_sample/CMakeFiles/CMakeTmp

Run Build Command:"/usr/bin/make" "cmTC_147eb/fast"
/usr/bin/make -f CMakeFiles/cmTC_147eb.dir/build.make CMakeFiles/cmTC_147eb.dir/build
make[1]: Entering directory '/home/testpvcam/testpvcam/opencv-3.3.0/samples/cpp/aravis_sample/CMakeFiles/CMakeTmp'
Building C object CMakeFiles/cmTC_147eb.dir/CheckFunctionExists.c.o
/usr/bin/cc    -fPIC -DCHECK_FUNCTION_EXISTS=pthread_create   -o CMakeFiles/cmTC_147eb.dir/CheckFunctionExists.c.o   -c /usr/share/cmake-3.5/Modules/CheckFunctionExists.c
Linking C executable cmTC_147eb
/usr/bin/cmake -E cmake_link_script CMakeFiles/cmTC_147eb.dir/link.txt --verbose=1
/usr/bin/cc  -fPIC -DCHECK_FUNCTION_EXISTS=pthread_create    CMakeFiles/cmTC_147eb.dir/CheckFunctionExists.c.o  -o cmTC_147eb -rdynamic -lpthreads 
/usr/bin/ld: cannot find -lpthreads
collect2: error: ld returned 1 exit status
CMakeFiles/cmTC_147eb.dir/build.make:97: recipe for target 'cmTC_147eb' failed
make[1]: *** [cmTC_147eb] Error 1
make[1]: Leaving directory '/home/testpvcam/testpvcam/opencv-3.3.0/samples/cpp/aravis_sample/CMakeFiles/CMakeTmp'
Makefile:126: recipe for target 'cmTC_147eb/fast' failed
make: *** [cmTC_147eb/fast] Error 2


