Determining if the pthread_create exist failed with the following output:
Change Dir: /home/testpvcam/testpvcam/opencv-3.3.0/samples/gpu/CMakeFiles/CMakeTmp

Run Build Command:"/usr/bin/make" "cmTC_dc179/fast"
/usr/bin/make -f CMakeFiles/cmTC_dc179.dir/build.make CMakeFiles/cmTC_dc179.dir/build
make[1]: Entering directory '/home/testpvcam/testpvcam/opencv-3.3.0/samples/gpu/CMakeFiles/CMakeTmp'
Building C object CMakeFiles/cmTC_dc179.dir/CheckSymbolExists.c.o
/usr/bin/cc    -fPIC    -o CMakeFiles/cmTC_dc179.dir/CheckSymbolExists.c.o   -c /home/testpvcam/testpvcam/opencv-3.3.0/samples/gpu/CMakeFiles/CMakeTmp/CheckSymbolExists.c
Linking C executable cmTC_dc179
/usr/bin/cmake -E cmake_link_script CMakeFiles/cmTC_dc179.dir/link.txt --verbose=1
/usr/bin/cc  -fPIC     CMakeFiles/cmTC_dc179.dir/CheckSymbolExists.c.o  -o cmTC_dc179 -rdynamic 
CMakeFiles/cmTC_dc179.dir/CheckSymbolExists.c.o: In function `main':
CheckSymbolExists.c:(.text+0x1b): undefined reference to `pthread_create'
collect2: error: ld returned 1 exit status
CMakeFiles/cmTC_dc179.dir/build.make:97: recipe for target 'cmTC_dc179' failed
make[1]: *** [cmTC_dc179] Error 1
make[1]: Leaving directory '/home/testpvcam/testpvcam/opencv-3.3.0/samples/gpu/CMakeFiles/CMakeTmp'
Makefile:126: recipe for target 'cmTC_dc179/fast' failed
make: *** [cmTC_dc179/fast] Error 2

File /home/testpvcam/testpvcam/opencv-3.3.0/samples/gpu/CMakeFiles/CMakeTmp/CheckSymbolExists.c:
/* */
#include <pthread.h>

int main(int argc, char** argv)
{
  (void)argv;
#ifndef pthread_create
  return ((int*)(&pthread_create))[argc];
#else
  (void)argc;
  return 0;
#endif
}

Determining if the function pthread_create exists in the pthreads failed with the following output:
Change Dir: /home/testpvcam/testpvcam/opencv-3.3.0/samples/gpu/CMakeFiles/CMakeTmp

Run Build Command:"/usr/bin/make" "cmTC_a3ab4/fast"
/usr/bin/make -f CMakeFiles/cmTC_a3ab4.dir/build.make CMakeFiles/cmTC_a3ab4.dir/build
make[1]: Entering directory '/home/testpvcam/testpvcam/opencv-3.3.0/samples/gpu/CMakeFiles/CMakeTmp'
Building C object CMakeFiles/cmTC_a3ab4.dir/CheckFunctionExists.c.o
/usr/bin/cc    -fPIC -DCHECK_FUNCTION_EXISTS=pthread_create   -o CMakeFiles/cmTC_a3ab4.dir/CheckFunctionExists.c.o   -c /usr/share/cmake-3.5/Modules/CheckFunctionExists.c
Linking C executable cmTC_a3ab4
/usr/bin/cmake -E cmake_link_script CMakeFiles/cmTC_a3ab4.dir/link.txt --verbose=1
/usr/bin/cc  -fPIC -DCHECK_FUNCTION_EXISTS=pthread_create    CMakeFiles/cmTC_a3ab4.dir/CheckFunctionExists.c.o  -o cmTC_a3ab4 -rdynamic -lpthreads 
/usr/bin/ld: cannot find -lpthreads
collect2: error: ld returned 1 exit status
CMakeFiles/cmTC_a3ab4.dir/build.make:97: recipe for target 'cmTC_a3ab4' failed
make[1]: *** [cmTC_a3ab4] Error 1
make[1]: Leaving directory '/home/testpvcam/testpvcam/opencv-3.3.0/samples/gpu/CMakeFiles/CMakeTmp'
Makefile:126: recipe for target 'cmTC_a3ab4/fast' failed
make: *** [cmTC_a3ab4/fast] Error 2


